/home/daniel/embedded/EMLI-16/ROS2/install/emli_package/lib/python3.10/site-packages/emli_package/emli_moisture_node.py
/home/daniel/embedded/EMLI-16/ROS2/install/emli_package/lib/python3.10/site-packages/emli_package/farmer_watcher_node.py
/home/daniel/embedded/EMLI-16/ROS2/install/emli_package/lib/python3.10/site-packages/emli_package/emli_pump_alarm_node.py
/home/daniel/embedded/EMLI-16/ROS2/install/emli_package/lib/python3.10/site-packages/emli_package/emli_farmer_node.py
/home/daniel/embedded/EMLI-16/ROS2/install/emli_package/lib/python3.10/site-packages/emli_package/emli_light_node.py
/home/daniel/embedded/EMLI-16/ROS2/install/emli_package/lib/python3.10/site-packages/emli_package/emli_water_alarm_node.py
/home/daniel/embedded/EMLI-16/ROS2/install/emli_package/lib/python3.10/site-packages/emli_package/emli_pub_node.py
/home/daniel/embedded/EMLI-16/ROS2/install/emli_package/lib/python3.10/site-packages/emli_package/emli_sub_node.py
/home/daniel/embedded/EMLI-16/ROS2/install/emli_package/lib/python3.10/site-packages/emli_package/__init__.py
/home/daniel/embedded/EMLI-16/ROS2/install/emli_package/lib/python3.10/site-packages/emli_package/__pycache__/emli_moisture_node.cpython-310.pyc
/home/daniel/embedded/EMLI-16/ROS2/install/emli_package/lib/python3.10/site-packages/emli_package/__pycache__/farmer_watcher_node.cpython-310.pyc
/home/daniel/embedded/EMLI-16/ROS2/install/emli_package/lib/python3.10/site-packages/emli_package/__pycache__/emli_pump_alarm_node.cpython-310.pyc
/home/daniel/embedded/EMLI-16/ROS2/install/emli_package/lib/python3.10/site-packages/emli_package/__pycache__/emli_farmer_node.cpython-310.pyc
/home/daniel/embedded/EMLI-16/ROS2/install/emli_package/lib/python3.10/site-packages/emli_package/__pycache__/emli_light_node.cpython-310.pyc
/home/daniel/embedded/EMLI-16/ROS2/install/emli_package/lib/python3.10/site-packages/emli_package/__pycache__/emli_water_alarm_node.cpython-310.pyc
/home/daniel/embedded/EMLI-16/ROS2/install/emli_package/lib/python3.10/site-packages/emli_package/__pycache__/emli_pub_node.cpython-310.pyc
/home/daniel/embedded/EMLI-16/ROS2/install/emli_package/lib/python3.10/site-packages/emli_package/__pycache__/emli_sub_node.cpython-310.pyc
/home/daniel/embedded/EMLI-16/ROS2/install/emli_package/lib/python3.10/site-packages/emli_package/__pycache__/__init__.cpython-310.pyc
/home/daniel/embedded/EMLI-16/ROS2/install/emli_package/share/ament_index/resource_index/packages/emli_package
/home/daniel/embedded/EMLI-16/ROS2/install/emli_package/share/emli_package/package.xml
/home/daniel/embedded/EMLI-16/ROS2/install/emli_package/lib/python3.10/site-packages/emli_package-0.0.0-py3.10.egg-info/PKG-INFO
/home/daniel/embedded/EMLI-16/ROS2/install/emli_package/lib/python3.10/site-packages/emli_package-0.0.0-py3.10.egg-info/SOURCES.txt
/home/daniel/embedded/EMLI-16/ROS2/install/emli_package/lib/python3.10/site-packages/emli_package-0.0.0-py3.10.egg-info/entry_points.txt
/home/daniel/embedded/EMLI-16/ROS2/install/emli_package/lib/python3.10/site-packages/emli_package-0.0.0-py3.10.egg-info/zip-safe
/home/daniel/embedded/EMLI-16/ROS2/install/emli_package/lib/python3.10/site-packages/emli_package-0.0.0-py3.10.egg-info/top_level.txt
/home/daniel/embedded/EMLI-16/ROS2/install/emli_package/lib/python3.10/site-packages/emli_package-0.0.0-py3.10.egg-info/dependency_links.txt
/home/daniel/embedded/EMLI-16/ROS2/install/emli_package/lib/python3.10/site-packages/emli_package-0.0.0-py3.10.egg-info/requires.txt
/home/daniel/embedded/EMLI-16/ROS2/install/emli_package/lib/emli_package/emli_farmer_node
/home/daniel/embedded/EMLI-16/ROS2/install/emli_package/lib/emli_package/emli_light_node
/home/daniel/embedded/EMLI-16/ROS2/install/emli_package/lib/emli_package/emli_moisture_node
/home/daniel/embedded/EMLI-16/ROS2/install/emli_package/lib/emli_package/emli_pub_node
/home/daniel/embedded/EMLI-16/ROS2/install/emli_package/lib/emli_package/emli_pump_alarm_node
/home/daniel/embedded/EMLI-16/ROS2/install/emli_package/lib/emli_package/emli_sub_node
/home/daniel/embedded/EMLI-16/ROS2/install/emli_package/lib/emli_package/emli_water_alarm_node
